# JRE version: OpenJDK Runtime Environment Temurin-17.0.13+11 (17.0.13+11) (build 17.0.13+11)
# Java VM: OpenJDK 64-Bit Server VM Temurin-17.0.13+11 (17.0.13+11, mixed mode, tiered, compressed oops, compressed class ptrs, parallel gc, windows-amd64)
GC Precious Log:
 CPUs: 4 total, 4 available
 Memory: 8073M
 Large Page Support: Disabled
 NUMA Support: Disabled
 Compressed Oops: Enabled (32-bit)
 Alignments: Space 512K, Generation 512K, Heap 2M
 Heap Min Capacity: 100M
 Heap Initial Capacity: 100M
 Heap Max Capacity: 1G
 Pre-touch: Disabled
 Parallel Workers: 4
Heap:
 PSYoungGen      total 18432K, used 12763K [0x00000000eab00000, 0x00000000ebf80000, 0x0000000100000000)
  eden space 16896K, 66% used [0x00000000eab00000,0x00000000eb5faea8,0x00000000ebb80000)
  from space 1536K, 98% used [0x00000000ebe00000,0x00000000ebf7c008,0x00000000ebf80000)
  to   space 2048K, 0% used [0x00000000ebc00000,0x00000000ebc00000,0x00000000ebe00000)
 ParOldGen       total 68608K, used 54620K [0x00000000c0000000, 0x00000000c4300000, 0x00000000eab00000)
  object space 68608K, 79% used [0x00000000c0000000,0x00000000c3557288,0x00000000c4300000)
 Metaspace       used 64960K, committed 66176K, reserved 1114112K
  class space    used 6990K, committed 7488K, reserved 1048576K
GC Heap History (20 events):
Event: 67.241 GC heap before
{Heap before GC invocations=32 (full 3):
 PSYoungGen      total 19456K, used 19456K [0x00000000eab00000, 0x00000000ec480000, 0x0000000100000000)
  eden space 18432K, 100% used [0x00000000eab00000,0x00000000ebd00000,0x00000000ebd00000)
  from space 1024K, 100% used [0x00000000ec080000,0x00000000ec180000,0x00000000ec180000)
  to   space 3584K, 0% used [0x00000000ebd00000,0x00000000ebd00000,0x00000000ec080000)
 ParOldGen       total 68608K, used 36118K [0x00000000c0000000, 0x00000000c4300000, 0x00000000eab00000)
  object space 68608K, 52% used [0x00000000c0000000,0x00000000c2345980,0x00000000c4300000)
 Metaspace       used 60452K, committed 61568K, reserved 1114112K
  class space    used 6550K, committed 7040K, reserved 1048576K
}
Event: 67.244 GC heap after
{Heap after GC invocations=32 (full 3):
 PSYoungGen      total 21504K, used 2785K [0x00000000eab00000, 0x00000000ec300000, 0x0000000100000000)
  eden space 18432K, 0% used [0x00000000eab00000,0x00000000eab00000,0x00000000ebd00000)
  from space 3072K, 90% used [0x00000000ebd00000,0x00000000ebfb87a8,0x00000000ec000000)
  to   space 3072K, 0% used [0x00000000ec000000,0x00000000ec000000,0x00000000ec300000)
 ParOldGen       total 68608K, used 37100K [0x00000000c0000000, 0x00000000c4300000, 0x00000000eab00000)
  object space 68608K, 54% used [0x00000000c0000000,0x00000000c243b3c0,0x00000000c4300000)
 Metaspace       used 60452K, committed 61568K, reserved 1114112K
  class space    used 6550K, committed 7040K, reserved 1048576K
}
Event: 68.654 GC heap before
{Heap before GC invocations=33 (full 3):
 PSYoungGen      total 21504K, used 21216K [0x00000000eab00000, 0x00000000ec300000, 0x0000000100000000)
  eden space 18432K, 99% used [0x00000000eab00000,0x00000000ebcffb78,0x00000000ebd00000)
  from space 3072K, 90% used [0x00000000ebd00000,0x00000000ebfb87a8,0x00000000ec000000)
  to   space 3072K, 0% used [0x00000000ec000000,0x00000000ec000000,0x00000000ec300000)
 ParOldGen       total 68608K, used 37100K [0x00000000c0000000, 0x00000000c4300000, 0x00000000eab00000)
  object space 68608K, 54% used [0x00000000c0000000,0x00000000c243b3c0,0x00000000c4300000)
 Metaspace       used 61463K, committed 62656K, reserved 1114112K
  class space    used 6651K, committed 7168K, reserved 1048576K
}
Event: 68.657 GC heap after
{Heap after GC invocations=33 (full 3):
 PSYoungGen      total 20992K, used 2163K [0x00000000eab00000, 0x00000000ec280000, 0x0000000100000000)
  eden space 18432K, 0% used [0x00000000eab00000,0x00000000eab00000,0x00000000ebd00000)
  from space 2560K, 84% used [0x00000000ec000000,0x00000000ec21cd00,0x00000000ec280000)
  to   space 2560K, 0% used [0x00000000ebd80000,0x00000000ebd80000,0x00000000ec000000)
 ParOldGen       total 68608K, used 39795K [0x00000000c0000000, 0x00000000c4300000, 0x00000000eab00000)
  object space 68608K, 58% used [0x00000000c0000000,0x00000000c26dceb0,0x00000000c4300000)
 Metaspace       used 61463K, committed 62656K, reserved 1114112K
  class space    used 6651K, committed 7168K, reserved 1048576K
}
Event: 68.875 GC heap before
{Heap before GC invocations=34 (full 3):
 PSYoungGen      total 20992K, used 20595K [0x00000000eab00000, 0x00000000ec280000, 0x0000000100000000)
  eden space 18432K, 100% used [0x00000000eab00000,0x00000000ebd00000,0x00000000ebd00000)
  from space 2560K, 84% used [0x00000000ec000000,0x00000000ec21cd00,0x00000000ec280000)
  to   space 2560K, 0% used [0x00000000ebd80000,0x00000000ebd80000,0x00000000ec000000)
 ParOldGen       total 68608K, used 39795K [0x00000000c0000000, 0x00000000c4300000, 0x00000000eab00000)
  object space 68608K, 58% used [0x00000000c0000000,0x00000000c26dceb0,0x00000000c4300000)
 Metaspace       used 61729K, committed 62912K, reserved 1114112K
  class space    used 6677K, committed 7168K, reserved 1048576K
}
Event: 68.878 GC heap after
{Heap after GC invocations=34 (full 3):
 PSYoungGen      total 20992K, used 2084K [0x00000000eab00000, 0x00000000ec200000, 0x0000000100000000)
  eden space 18432K, 0% used [0x00000000eab00000,0x00000000eab00000,0x00000000ebd00000)
  from space 2560K, 81% used [0x00000000ebd80000,0x00000000ebf89138,0x00000000ec000000)
  to   space 2048K, 0% used [0x00000000ec000000,0x00000000ec000000,0x00000000ec200000)
 ParOldGen       total 68608K, used 41761K [0x00000000c0000000, 0x00000000c4300000, 0x00000000eab00000)
  object space 68608K, 60% used [0x00000000c0000000,0x00000000c28c8760,0x00000000c4300000)
 Metaspace       used 61729K, committed 62912K, reserved 1114112K
  class space    used 6677K, committed 7168K, reserved 1048576K
}
Event: 68.977 GC heap before
{Heap before GC invocations=35 (full 3):
 PSYoungGen      total 20992K, used 20516K [0x00000000eab00000, 0x00000000ec200000, 0x0000000100000000)
  eden space 18432K, 100% used [0x00000000eab00000,0x00000000ebd00000,0x00000000ebd00000)
  from space 2560K, 81% used [0x00000000ebd80000,0x00000000ebf89138,0x00000000ec000000)
  to   space 2048K, 0% used [0x00000000ec000000,0x00000000ec000000,0x00000000ec200000)
 ParOldGen       total 68608K, used 41761K [0x00000000c0000000, 0x00000000c4300000, 0x00000000eab00000)
  object space 68608K, 60% used [0x00000000c0000000,0x00000000c28c8760,0x00000000c4300000)
 Metaspace       used 61874K, committed 63040K, reserved 1114112K
  class space    used 6691K, committed 7168K, reserved 1048576K
}
Event: 68.981 GC heap after
{Heap after GC invocations=35 (full 3):
 PSYoungGen      total 18944K, used 2032K [0x00000000eab00000, 0x00000000ec600000, 0x0000000100000000)
  eden space 16896K, 0% used [0x00000000eab00000,0x00000000eab00000,0x00000000ebb80000)
  from space 2048K, 99% used [0x00000000ec000000,0x00000000ec1fc020,0x00000000ec200000)
  to   space 4608K, 0% used [0x00000000ebb80000,0x00000000ebb80000,0x00000000ec000000)
 ParOldGen       total 68608K, used 43828K [0x00000000c0000000, 0x00000000c4300000, 0x00000000eab00000)
  object space 68608K, 63% used [0x00000000c0000000,0x00000000c2acd158,0x00000000c4300000)
 Metaspace       used 61874K, committed 63040K, reserved 1114112K
  class space    used 6691K, committed 7168K, reserved 1048576K
}
Event: 69.130 GC heap before
{Heap before GC invocations=36 (full 3):
 PSYoungGen      total 18944K, used 18928K [0x00000000eab00000, 0x00000000ec600000, 0x0000000100000000)
  eden space 16896K, 100% used [0x00000000eab00000,0x00000000ebb80000,0x00000000ebb80000)
  from space 2048K, 99% used [0x00000000ec000000,0x00000000ec1fc020,0x00000000ec200000)
  to   space 4608K, 0% used [0x00000000ebb80000,0x00000000ebb80000,0x00000000ec000000)
 ParOldGen       total 68608K, used 43828K [0x00000000c0000000, 0x00000000c4300000, 0x00000000eab00000)
  object space 68608K, 63% used [0x00000000c0000000,0x00000000c2acd158,0x00000000c4300000)
 Metaspace       used 61874K, committed 63040K, reserved 1114112K
  class space    used 6691K, committed 7168K, reserved 1048576K
}
Event: 69.137 GC heap after
{Heap after GC invocations=36 (full 3):
 PSYoungGen      total 18432K, used 1440K [0x00000000eab00000, 0x00000000ec080000, 0x0000000100000000)
  eden space 16896K, 0% used [0x00000000eab00000,0x00000000eab00000,0x00000000ebb80000)
  from space 1536K, 93% used [0x00000000ebb80000,0x00000000ebce8000,0x00000000ebd00000)
  to   space 2560K, 0% used [0x00000000ebe00000,0x00000000ebe00000,0x00000000ec080000)
 ParOldGen       total 68608K, used 45878K [0x00000000c0000000, 0x00000000c4300000, 0x00000000eab00000)
  object space 68608K, 66% used [0x00000000c0000000,0x00000000c2ccd950,0x00000000c4300000)
 Metaspace       used 61874K, committed 63040K, reserved 1114112K
  class space    used 6691K, committed 7168K, reserved 1048576K
}
Event: 72.413 GC heap before
{Heap before GC invocations=37 (full 3):
 PSYoungGen      total 18432K, used 18336K [0x00000000eab00000, 0x00000000ec080000, 0x0000000100000000)
  eden space 16896K, 100% used [0x00000000eab00000,0x00000000ebb80000,0x00000000ebb80000)
  from space 1536K, 93% used [0x00000000ebb80000,0x00000000ebce8000,0x00000000ebd00000)
  to   space 2560K, 0% used [0x00000000ebe00000,0x00000000ebe00000,0x00000000ec080000)
 ParOldGen       total 68608K, used 45878K [0x00000000c0000000, 0x00000000c4300000, 0x00000000eab00000)
  object space 68608K, 66% used [0x00000000c0000000,0x00000000c2ccd950,0x00000000c4300000)
 Metaspace       used 63282K, committed 64448K, reserved 1114112K
  class space    used 6830K, committed 7360K, reserved 1048576K
}
Event: 72.415 GC heap after
{Heap after GC invocations=37 (full 3):
 PSYoungGen      total 18432K, used 1126K [0x00000000eab00000, 0x00000000ebf80000, 0x0000000100000000)
  eden space 16896K, 0% used [0x00000000eab00000,0x00000000eab00000,0x00000000ebb80000)
  from space 1536K, 73% used [0x00000000ebe00000,0x00000000ebf19a88,0x00000000ebf80000)
  to   space 1536K, 0% used [0x00000000ebb80000,0x00000000ebb80000,0x00000000ebd00000)
 ParOldGen       total 68608K, used 47230K [0x00000000c0000000, 0x00000000c4300000, 0x00000000eab00000)
  object space 68608K, 68% used [0x00000000c0000000,0x00000000c2e1f950,0x00000000c4300000)
 Metaspace       used 63282K, committed 64448K, reserved 1114112K
  class space    used 6830K, committed 7360K, reserved 1048576K
}
Event: 77.969 GC heap before
{Heap before GC invocations=38 (full 3):
 PSYoungGen      total 18432K, used 18022K [0x00000000eab00000, 0x00000000ebf80000, 0x0000000100000000)
  eden space 16896K, 100% used [0x00000000eab00000,0x00000000ebb80000,0x00000000ebb80000)
  from space 1536K, 73% used [0x00000000ebe00000,0x00000000ebf19a88,0x00000000ebf80000)
  to   space 1536K, 0% used [0x00000000ebb80000,0x00000000ebb80000,0x00000000ebd00000)
 ParOldGen       total 68608K, used 47230K [0x00000000c0000000, 0x00000000c4300000, 0x00000000eab00000)
  object space 68608K, 68% used [0x00000000c0000000,0x00000000c2e1f950,0x00000000c4300000)
 Metaspace       used 63848K, committed 65024K, reserved 1114112K
  class space    used 6896K, committed 7360K, reserved 1048576K
}
Event: 77.972 GC heap after
{Heap after GC invocations=38 (full 3):
 PSYoungGen      total 18432K, used 1521K [0x00000000eab00000, 0x00000000ec280000, 0x0000000100000000)
  eden space 16896K, 0% used [0x00000000eab00000,0x00000000eab00000,0x00000000ebb80000)
  from space 1536K, 99% used [0x00000000ebb80000,0x00000000ebcfc4b0,0x00000000ebd00000)
  to   space 3584K, 0% used [0x00000000ebf00000,0x00000000ebf00000,0x00000000ec280000)
 ParOldGen       total 68608K, used 48524K [0x00000000c0000000, 0x00000000c4300000, 0x00000000eab00000)
  object space 68608K, 70% used [0x00000000c0000000,0x00000000c2f63020,0x00000000c4300000)
 Metaspace       used 63848K, committed 65024K, reserved 1114112K
  class space    used 6896K, committed 7360K, reserved 1048576K
}
Event: 78.799 GC heap before
{Heap before GC invocations=39 (full 3):
 PSYoungGen      total 18432K, used 18417K [0x00000000eab00000, 0x00000000ec280000, 0x0000000100000000)
  eden space 16896K, 100% used [0x00000000eab00000,0x00000000ebb80000,0x00000000ebb80000)
  from space 1536K, 99% used [0x00000000ebb80000,0x00000000ebcfc4b0,0x00000000ebd00000)
  to   space 3584K, 0% used [0x00000000ebf00000,0x00000000ebf00000,0x00000000ec280000)
 ParOldGen       total 68608K, used 48524K [0x00000000c0000000, 0x00000000c4300000, 0x00000000eab00000)
  object space 68608K, 70% used [0x00000000c0000000,0x00000000c2f63020,0x00000000c4300000)
 Metaspace       used 63881K, committed 65024K, reserved 1114112K
  class space    used 6898K, committed 7360K, reserved 1048576K
}
Event: 78.802 GC heap after
{Heap after GC invocations=39 (full 3):
 PSYoungGen      total 18944K, used 1748K [0x00000000eab00000, 0x00000000ec100000, 0x0000000100000000)
  eden space 16896K, 0% used [0x00000000eab00000,0x00000000eab00000,0x00000000ebb80000)
  from space 2048K, 85% used [0x00000000ebf00000,0x00000000ec0b5030,0x00000000ec100000)
  to   space 2560K, 0% used [0x00000000ebc00000,0x00000000ebc00000,0x00000000ebe80000)
 ParOldGen       total 68608K, used 49998K [0x00000000c0000000, 0x00000000c4300000, 0x00000000eab00000)
  object space 68608K, 72% used [0x00000000c0000000,0x00000000c30d3b60,0x00000000c4300000)
 Metaspace       used 63881K, committed 65024K, reserved 1114112K
  class space    used 6898K, committed 7360K, reserved 1048576K
}
Event: 79.195 GC heap before
{Heap before GC invocations=40 (full 3):
 PSYoungGen      total 18944K, used 18644K [0x00000000eab00000, 0x00000000ec100000, 0x0000000100000000)
  eden space 16896K, 100% used [0x00000000eab00000,0x00000000ebb80000,0x00000000ebb80000)
  from space 2048K, 85% used [0x00000000ebf00000,0x00000000ec0b5030,0x00000000ec100000)
  to   space 2560K, 0% used [0x00000000ebc00000,0x00000000ebc00000,0x00000000ebe80000)
 ParOldGen       total 68608K, used 49998K [0x00000000c0000000, 0x00000000c4300000, 0x00000000eab00000)
  object space 68608K, 72% used [0x00000000c0000000,0x00000000c30d3b60,0x00000000c4300000)
 Metaspace       used 64460K, committed 65600K, reserved 1114112K
  class space    used 6951K, committed 7424K, reserved 1048576K
}
Event: 79.198 GC heap after
{Heap after GC invocations=40 (full 3):
 PSYoungGen      total 18944K, used 1696K [0x00000000eab00000, 0x00000000ebf80000, 0x0000000100000000)
  eden space 16896K, 0% used [0x00000000eab00000,0x00000000eab00000,0x00000000ebb80000)
  from space 2048K, 82% used [0x00000000ebc00000,0x00000000ebda8000,0x00000000ebe00000)
  to   space 1536K, 0% used [0x00000000ebe00000,0x00000000ebe00000,0x00000000ebf80000)
 ParOldGen       total 68608K, used 51611K [0x00000000c0000000, 0x00000000c4300000, 0x00000000eab00000)
  object space 68608K, 75% used [0x00000000c0000000,0x00000000c3266dd8,0x00000000c4300000)
 Metaspace       used 64460K, committed 65600K, reserved 1114112K
  class space    used 6951K, committed 7424K, reserved 1048576K
}
Event: 83.521 GC heap before
{Heap before GC invocations=41 (full 3):
 PSYoungGen      total 18944K, used 18592K [0x00000000eab00000, 0x00000000ebf80000, 0x0000000100000000)
  eden space 16896K, 100% used [0x00000000eab00000,0x00000000ebb80000,0x00000000ebb80000)
  from space 2048K, 82% used [0x00000000ebc00000,0x00000000ebda8000,0x00000000ebe00000)
  to   space 1536K, 0% used [0x00000000ebe00000,0x00000000ebe00000,0x00000000ebf80000)
 ParOldGen       total 68608K, used 51611K [0x00000000c0000000, 0x00000000c4300000, 0x00000000eab00000)
  object space 68608K, 75% used [0x00000000c0000000,0x00000000c3266dd8,0x00000000c4300000)
 Metaspace       used 64892K, committed 66112K, reserved 1114112K
  class space    used 6988K, committed 7488K, reserved 1048576K
}
Event: 83.525 GC heap after
{Heap after GC invocations=41 (full 3):
 PSYoungGen      total 18432K, used 1520K [0x00000000eab00000, 0x00000000ebf80000, 0x0000000100000000)
  eden space 16896K, 0% used [0x00000000eab00000,0x00000000eab00000,0x00000000ebb80000)
  from space 1536K, 98% used [0x00000000ebe00000,0x00000000ebf7c008,0x00000000ebf80000)
  to   space 2048K, 0% used [0x00000000ebc00000,0x00000000ebc00000,0x00000000ebe00000)
 ParOldGen       total 68608K, used 54620K [0x00000000c0000000, 0x00000000c4300000, 0x00000000eab00000)
  object space 68608K, 79% used [0x00000000c0000000,0x00000000c3557288,0x00000000c4300000)
 Metaspace       used 64892K, committed 66112K, reserved 1114112K
  class space    used 6988K, committed 7488K, reserved 1048576K
}

