# JRE version: Java(TM) SE Runtime Environment (22.0.2+9) (build 22.0.2+9-70)
# Java VM: Java HotSpot(TM) 64-Bit Server VM (22.0.2+9-70, mixed mode, emulated-client, sharing, tiered, compressed oops, compressed class ptrs, g1 gc, windows-amd64)
GC Precious Log:
 CardTable entry size: 512
 Card Set container configuration: InlinePtr #cards 5 size 8 Array Of Cards #cards 12 size 40 Howl #buckets 4 coarsen threshold 1843 Howl Bitmap #cards 512 size 80 coarsen threshold 460 Card regions per heap region 1 cards per card region 2048
 CPUs: 4 total, 4 available
 Memory: 8073M
 Large Page Support: Disabled
 NUMA Support: Disabled
 Compressed Oops: Enabled (32-bit)
 Heap Region Size: 1M
 Heap Min Capacity: 8M
 Heap Initial Capacity: 128M
 Heap Max Capacity: 2020M
 Pre-touch: Disabled
 Parallel Workers: 4
 Concurrent Workers: 1
 Concurrent Refinement Workers: 4
 Periodic GC: Disabled
Heap:
 garbage-first heap   total reserved 2068480K, committed 48128K, used 35349K [0x0000000081c00000, 0x0000000100000000)
  region size 1024K, 10 young (10240K), 2 survivors (2048K)
 Metaspace       used 63654K, committed 64320K, reserved 1114112K
  class space    used 9292K, committed 9600K, reserved 1048576K
GC Heap History (20 events):
Event: 9.521 GC heap before
{Heap before GC invocations=7 (full 0):
 garbage-first heap   total reserved 2068480K, committed 48128K, used 38118K [0x0000000081c00000, 0x0000000100000000)
  region size 1024K, 24 young (24576K), 3 survivors (3072K)
 Metaspace       used 31050K, committed 31680K, reserved 1114112K
  class space    used 4291K, committed 4544K, reserved 1048576K
}
Event: 9.531 GC heap after
{Heap after GC invocations=8 (full 0):
 garbage-first heap   total reserved 2068480K, committed 48128K, used 19252K [0x0000000081c00000, 0x0000000100000000)
  region size 1024K, 2 young (2048K), 2 survivors (2048K)
 Metaspace       used 31050K, committed 31680K, reserved 1114112K
  class space    used 4291K, committed 4544K, reserved 1048576K
}
Event: 11.037 GC heap before
{Heap before GC invocations=8 (full 0):
 garbage-first heap   total reserved 2068480K, committed 48128K, used 34612K [0x0000000081c00000, 0x0000000100000000)
  region size 1024K, 18 young (18432K), 2 survivors (2048K)
 Metaspace       used 35417K, committed 35968K, reserved 1114112K
  class space    used 5018K, committed 5248K, reserved 1048576K
}
Event: 11.040 GC heap after
{Heap after GC invocations=9 (full 0):
 garbage-first heap   total reserved 2068480K, committed 48128K, used 20093K [0x0000000081c00000, 0x0000000100000000)
  region size 1024K, 3 young (3072K), 3 survivors (3072K)
 Metaspace       used 35417K, committed 35968K, reserved 1114112K
  class space    used 5018K, committed 5248K, reserved 1048576K
}
Event: 12.819 GC heap before
{Heap before GC invocations=10 (full 0):
 garbage-first heap   total reserved 2068480K, committed 48128K, used 39549K [0x0000000081c00000, 0x0000000100000000)
  region size 1024K, 23 young (23552K), 3 survivors (3072K)
 Metaspace       used 44272K, committed 44864K, reserved 1114112K
  class space    used 6158K, committed 6400K, reserved 1048576K
}
Event: 12.823 GC heap after
{Heap after GC invocations=11 (full 0):
 garbage-first heap   total reserved 2068480K, committed 48128K, used 22321K [0x0000000081c00000, 0x0000000100000000)
  region size 1024K, 3 young (3072K), 3 survivors (3072K)
 Metaspace       used 44272K, committed 44864K, reserved 1114112K
  class space    used 6158K, committed 6400K, reserved 1048576K
}
Event: 14.123 GC heap before
{Heap before GC invocations=11 (full 0):
 garbage-first heap   total reserved 2068480K, committed 48128K, used 40753K [0x0000000081c00000, 0x0000000100000000)
  region size 1024K, 22 young (22528K), 3 survivors (3072K)
 Metaspace       used 48134K, committed 48704K, reserved 1114112K
  class space    used 6706K, committed 6912K, reserved 1048576K
}
Event: 14.127 GC heap after
{Heap after GC invocations=12 (full 0):
 garbage-first heap   total reserved 2068480K, committed 48128K, used 23604K [0x0000000081c00000, 0x0000000100000000)
  region size 1024K, 2 young (2048K), 2 survivors (2048K)
 Metaspace       used 48134K, committed 48704K, reserved 1114112K
  class space    used 6706K, committed 6912K, reserved 1048576K
}
Event: 14.974 GC heap before
{Heap before GC invocations=12 (full 0):
 garbage-first heap   total reserved 2068480K, committed 48128K, used 41012K [0x0000000081c00000, 0x0000000100000000)
  region size 1024K, 20 young (20480K), 2 survivors (2048K)
 Metaspace       used 54171K, committed 54784K, reserved 1114112K
  class space    used 7695K, committed 7936K, reserved 1048576K
}
Event: 14.978 GC heap after
{Heap after GC invocations=13 (full 0):
 garbage-first heap   total reserved 2068480K, committed 48128K, used 24125K [0x0000000081c00000, 0x0000000100000000)
  region size 1024K, 3 young (3072K), 3 survivors (3072K)
 Metaspace       used 54171K, committed 54784K, reserved 1114112K
  class space    used 7695K, committed 7936K, reserved 1048576K
}
Event: 15.701 GC heap before
{Heap before GC invocations=14 (full 0):
 garbage-first heap   total reserved 2068480K, committed 48128K, used 39485K [0x0000000081c00000, 0x0000000100000000)
  region size 1024K, 19 young (19456K), 3 survivors (3072K)
 Metaspace       used 57605K, committed 58304K, reserved 1114112K
  class space    used 8219K, committed 8512K, reserved 1048576K
}
Event: 15.706 GC heap after
{Heap after GC invocations=15 (full 0):
 garbage-first heap   total reserved 2068480K, committed 48128K, used 25730K [0x0000000081c00000, 0x0000000100000000)
  region size 1024K, 3 young (3072K), 3 survivors (3072K)
 Metaspace       used 57605K, committed 58304K, reserved 1114112K
  class space    used 8219K, committed 8512K, reserved 1048576K
}
Event: 16.698 GC heap before
{Heap before GC invocations=15 (full 0):
 garbage-first heap   total reserved 2068480K, committed 48128K, used 40066K [0x0000000081c00000, 0x0000000100000000)
  region size 1024K, 18 young (18432K), 3 survivors (3072K)
 Metaspace       used 61023K, committed 61696K, reserved 1114112K
  class space    used 8794K, committed 9088K, reserved 1048576K
}
Event: 16.703 GC heap after
{Heap after GC invocations=16 (full 0):
 garbage-first heap   total reserved 2068480K, committed 48128K, used 26825K [0x0000000081c00000, 0x0000000100000000)
  region size 1024K, 3 young (3072K), 3 survivors (3072K)
 Metaspace       used 61023K, committed 61696K, reserved 1114112K
  class space    used 8794K, committed 9088K, reserved 1048576K
}
Event: 17.027 GC heap before
{Heap before GC invocations=16 (full 0):
 garbage-first heap   total reserved 2068480K, committed 48128K, used 40137K [0x0000000081c00000, 0x0000000100000000)
  region size 1024K, 17 young (17408K), 3 survivors (3072K)
 Metaspace       used 62578K, committed 63232K, reserved 1114112K
  class space    used 9129K, committed 9408K, reserved 1048576K
}
Event: 17.032 GC heap after
{Heap after GC invocations=17 (full 0):
 garbage-first heap   total reserved 2068480K, committed 48128K, used 28020K [0x0000000081c00000, 0x0000000100000000)
  region size 1024K, 3 young (3072K), 3 survivors (3072K)
 Metaspace       used 62578K, committed 63232K, reserved 1114112K
  class space    used 9129K, committed 9408K, reserved 1048576K
}
Event: 17.279 GC heap before
{Heap before GC invocations=18 (full 0):
 garbage-first heap   total reserved 2068480K, committed 48128K, used 41332K [0x0000000081c00000, 0x0000000100000000)
  region size 1024K, 16 young (16384K), 3 survivors (3072K)
 Metaspace       used 62733K, committed 63424K, reserved 1114112K
  class space    used 9169K, committed 9472K, reserved 1048576K
}
Event: 17.282 GC heap after
{Heap after GC invocations=19 (full 0):
 garbage-first heap   total reserved 2068480K, committed 48128K, used 28834K [0x0000000081c00000, 0x0000000100000000)
  region size 1024K, 2 young (2048K), 2 survivors (2048K)
 Metaspace       used 62733K, committed 63424K, reserved 1114112K
  class space    used 9169K, committed 9472K, reserved 1048576K
}
Event: 17.381 GC heap before
{Heap before GC invocations=19 (full 0):
 garbage-first heap   total reserved 2068480K, committed 48128K, used 42146K [0x0000000081c00000, 0x0000000100000000)
  region size 1024K, 15 young (15360K), 2 survivors (2048K)
 Metaspace       used 62735K, committed 63424K, reserved 1114112K
  class space    used 9169K, committed 9472K, reserved 1048576K
}
Event: 17.385 GC heap after
{Heap after GC invocations=20 (full 0):
 garbage-first heap   total reserved 2068480K, committed 48128K, used 29205K [0x0000000081c00000, 0x0000000100000000)
  region size 1024K, 2 young (2048K), 2 survivors (2048K)
 Metaspace       used 62735K, committed 63424K, reserved 1114112K
  class space    used 9169K, committed 9472K, reserved 1048576K
}

